Flow report for Pipelined_ARMv8
Wed Dec 20 14:16:20 2017
Quartus II Version 8.1 Build 163 10/28/2008 SJ Web Edition


---------------------
; Table of Contents ;
---------------------
  1. Legal Notice
  2. Flow Summary
  3. Flow Settings
  4. Flow Non-Default Global Settings
  5. Flow Elapsed Time
  6. Flow OS Summary
  7. Flow Log



----------------
; Legal Notice ;
----------------
Copyright (C) 1991-2008 Altera Corporation
Your use of Altera Corporation's design tools, logic functions 
and other software and tools, and its AMPP partner logic 
functions, and any output files from any of the foregoing 
(including device programming or simulation files), and any 
associated documentation or information are expressly subject 
to the terms and conditions of the Altera Program License 
Subscription Agreement, Altera MegaCore Function License 
Agreement, or other applicable license agreement, including, 
without limitation, that your use is for the sole purpose of 
programming logic devices manufactured by Altera and sold by 
Altera or its authorized distributors.  Please refer to the 
applicable agreement for further details.



+------------------------------------------------------------------------------+
; Flow Summary                                                                 ;
+------------------------------------+-----------------------------------------+
; Flow Status                        ; Successful - Wed Dec 20 14:16:20 2017   ;
; Quartus II Version                 ; 8.1 Build 163 10/28/2008 SJ Web Edition ;
; Revision Name                      ; Pipelined_ARMv8                         ;
; Top-level Entity Name              ; op_bord                                 ;
; Family                             ; Cyclone II                              ;
; Device                             ; EP2C70F896C6                            ;
; Timing Models                      ; Final                                   ;
; Met timing requirements            ; Yes                                     ;
; Total logic elements               ; 0 / 68,416 ( 0 % )                      ;
;     Total combinational functions  ; 0 / 68,416 ( 0 % )                      ;
;     Dedicated logic registers      ; 0 / 68,416 ( 0 % )                      ;
; Total registers                    ; 0                                       ;
; Total pins                         ; 50 / 622 ( 8 % )                        ;
; Total virtual pins                 ; 0                                       ;
; Total memory bits                  ; 0 / 1,152,000 ( 0 % )                   ;
; Embedded Multiplier 9-bit elements ; 0 / 300 ( 0 % )                         ;
; Total PLLs                         ; 0 / 4 ( 0 % )                           ;
+------------------------------------+-----------------------------------------+


+-----------------------------------------+
; Flow Settings                           ;
+-------------------+---------------------+
; Option            ; Setting             ;
+-------------------+---------------------+
; Start date & time ; 12/20/2017 14:15:55 ;
; Main task         ; Compilation         ;
; Revision Name     ; Pipelined_ARMv8     ;
+-------------------+---------------------+


+--------------------------------------------------------------------------------------------------------------------+
; Flow Non-Default Global Settings                                                                                   ;
+------------------------------------+------------------------------+-----------------+-------------+----------------+
; Assignment Name                    ; Value                        ; Default Value   ; Entity Name ; Section Id     ;
+------------------------------------+------------------------------+-----------------+-------------+----------------+
; COMPILER_SIGNATURE_ID              ; 121368580236.151377575407668 ; --              ; --          ; --             ;
; MAX_CORE_JUNCTION_TEMP             ; 85                           ; --              ; --          ; --             ;
; MIN_CORE_JUNCTION_TEMP             ; 0                            ; --              ; --          ; --             ;
; PARTITION_COLOR                    ; 16764057                     ; --              ; op_bord     ; Top            ;
; PARTITION_NETLIST_TYPE             ; SOURCE                       ; --              ; op_bord     ; Top            ;
; TOP_LEVEL_ENTITY                   ; op_bord                      ; Pipelined_ARMv8 ; --          ; --             ;
; USE_GENERATED_PHYSICAL_CONSTRAINTS ; Off                          ; --              ; --          ; eda_blast_fpga ;
+------------------------------------+------------------------------+-----------------+-------------+----------------+


+-----------------------------------------------------------------------------------------------------------------------------+
; Flow Elapsed Time                                                                                                           ;
+-------------------------+--------------+-------------------------+---------------------+------------------------------------+
; Module Name             ; Elapsed Time ; Average Processors Used ; Peak Virtual Memory ; Total CPU Time (on all processors) ;
+-------------------------+--------------+-------------------------+---------------------+------------------------------------+
; Analysis & Synthesis    ; 00:00:07     ; 1.0                     ; 347 MB              ; 00:00:05                           ;
; Fitter                  ; 00:00:09     ; 1.0                     ; 437 MB              ; 00:00:08                           ;
; Assembler               ; 00:00:04     ; 1.0                     ; 402 MB              ; 00:00:04                           ;
; Classic Timing Analyzer ; 00:00:01     ; 1.0                     ; 231 MB              ; 00:00:00                           ;
; Total                   ; 00:00:21     ; --                      ; --                  ; 00:00:17                           ;
+-------------------------+--------------+-------------------------+---------------------+------------------------------------+


+------------------------------------------------------------------------------------------+
; Flow OS Summary                                                                          ;
+-------------------------+------------------+---------------+------------+----------------+
; Module Name             ; Machine Hostname ; OS Name       ; OS Version ; Processor type ;
+-------------------------+------------------+---------------+------------+----------------+
; Analysis & Synthesis    ; RUBENCOUCKE86F4  ; Windows Vista ; 6.2        ; x86_64         ;
; Fitter                  ; RUBENCOUCKE86F4  ; Windows Vista ; 6.2        ; x86_64         ;
; Assembler               ; RUBENCOUCKE86F4  ; Windows Vista ; 6.2        ; x86_64         ;
; Classic Timing Analyzer ; RUBENCOUCKE86F4  ; Windows Vista ; 6.2        ; x86_64         ;
+-------------------------+------------------+---------------+------------+----------------+


------------
; Flow Log ;
------------
quartus_map --read_settings_files=on --write_settings_files=off Pipelined_ARMv8 -c Pipelined_ARMv8
quartus_fit --read_settings_files=off --write_settings_files=off Pipelined_ARMv8 -c Pipelined_ARMv8
quartus_asm --read_settings_files=off --write_settings_files=off Pipelined_ARMv8 -c Pipelined_ARMv8
quartus_tan --read_settings_files=off --write_settings_files=off Pipelined_ARMv8 -c Pipelined_ARMv8 --timing_analysis_only



